action: py3.6, msg: getenv
cwd: /home/maluki/project3
cmd: /home/maluki/project3/.tox/py3.6/bin/python -m pip install pytest
Looking in indexes: https://pypi.org/simple, https://kijiko:****@pip.slade360.co.ke/simple
Collecting pytest
  Using cached https://files.pythonhosted.org/packages/69/1d/2430053122a3c6106f7fd1ff0bc68eb73e27db8f951db70fcd942da52c7b/pytest-5.0.1-py3-none-any.whl
Collecting pluggy<1.0,>=0.12 (from pytest)
  Using cached https://files.pythonhosted.org/packages/06/ee/de89e0582276e3551df3110088bf20844de2b0e7df2748406876cc78e021/pluggy-0.12.0-py2.py3-none-any.whl
Collecting py>=1.5.0 (from pytest)
  Using cached https://files.pythonhosted.org/packages/76/bc/394ad449851729244a97857ee14d7cba61ddb268dce3db538ba2f2ba1f0f/py-1.8.0-py2.py3-none-any.whl
Collecting packaging (from pytest)
  Using cached https://files.pythonhosted.org/packages/91/32/58bc30e646e55eab8b21abf89e353f59c0cc02c417e42929f4a9546e1b1d/packaging-19.0-py2.py3-none-any.whl
Collecting attrs>=17.4.0 (from pytest)
  Using cached https://files.pythonhosted.org/packages/23/96/d828354fa2dbdf216eaa7b7de0db692f12c234f7ef888cc14980ef40d1d2/attrs-19.1.0-py2.py3-none-any.whl
Collecting atomicwrites>=1.0 (from pytest)
  Using cached https://files.pythonhosted.org/packages/52/90/6155aa926f43f2b2a22b01be7241be3bfd1ceaf7d0b3267213e8127d41f4/atomicwrites-1.3.0-py2.py3-none-any.whl
Collecting more-itertools>=4.0.0 (from pytest)
  Using cached https://files.pythonhosted.org/packages/45/dc/3241eef99eb45f1def35cf93af35d1cf9ef4c0991792583b8f33ea41b092/more_itertools-7.2.0-py3-none-any.whl
Collecting wcwidth (from pytest)
  Using cached https://files.pythonhosted.org/packages/7e/9f/526a6947247599b084ee5232e4f9190a38f398d7300d866af3ab571a5bfe/wcwidth-0.1.7-py2.py3-none-any.whl
Collecting importlib-metadata>=0.12 (from pytest)
  Using cached https://files.pythonhosted.org/packages/ad/aa/25fcbded2ab4ed4ff3071d1e000cd4f8f9c65653d2d7157dd105a8e81d42/importlib_metadata-0.19-py2.py3-none-any.whl
Collecting six (from packaging->pytest)
  Using cached https://files.pythonhosted.org/packages/73/fb/00a976f728d0d1fecfe898238ce23f502a721c0ac0ecfedb80e0d88c64e9/six-1.12.0-py2.py3-none-any.whl
Collecting pyparsing>=2.0.2 (from packaging->pytest)
  Using cached https://files.pythonhosted.org/packages/ff/2c/afc36631a9e0dc9f2b8bd4c19fa2d330cbe07d6679a1c0910418a200acad/pyparsing-2.4.1.1-py2.py3-none-any.whl
Collecting zipp>=0.5 (from importlib-metadata>=0.12->pytest)
  Using cached https://files.pythonhosted.org/packages/da/bd/1a5fdf15aa44231fd09f63ecf175b60f057ae37ec65b343bb009364923f3/zipp-0.5.2-py2.py3-none-any.whl
Installing collected packages: zipp, importlib-metadata, pluggy, py, six, pyparsing, packaging, attrs, atomicwrites, more-itertools, wcwidth, pytest
Successfully installed atomicwrites-1.3.0 attrs-19.1.0 importlib-metadata-0.19 more-itertools-7.2.0 packaging-19.0 pluggy-0.12.0 py-1.8.0 pyparsing-2.4.1.1 pytest-5.0.1 six-1.12.0 wcwidth-0.1.7 zipp-0.5.2
WARNING: You are using pip version 19.1.1, however version 19.2.1 is available.
You should consider upgrading via the 'pip install --upgrade pip' command.
