action: py37, msg: getenv
cwd: /home/maluki/project3/weather_app
cmd: /home/maluki/project3/weather_app/.tox/py37/bin/python -m pip install pytest
Collecting pytest
  Using cached https://files.pythonhosted.org/packages/4c/35/e13740d90c413fb5ec3c9b5243f79981f7bc759f4a12a959d8dadd57f971/pytest-5.0.0-py3-none-any.whl
Collecting attrs>=17.4.0 (from pytest)
  Using cached https://files.pythonhosted.org/packages/23/96/d828354fa2dbdf216eaa7b7de0db692f12c234f7ef888cc14980ef40d1d2/attrs-19.1.0-py2.py3-none-any.whl
Collecting wcwidth (from pytest)
  Using cached https://files.pythonhosted.org/packages/7e/9f/526a6947247599b084ee5232e4f9190a38f398d7300d866af3ab571a5bfe/wcwidth-0.1.7-py2.py3-none-any.whl
Collecting packaging (from pytest)
  Using cached https://files.pythonhosted.org/packages/91/32/58bc30e646e55eab8b21abf89e353f59c0cc02c417e42929f4a9546e1b1d/packaging-19.0-py2.py3-none-any.whl
Collecting py>=1.5.0 (from pytest)
  Using cached https://files.pythonhosted.org/packages/76/bc/394ad449851729244a97857ee14d7cba61ddb268dce3db538ba2f2ba1f0f/py-1.8.0-py2.py3-none-any.whl
Collecting pluggy<1.0,>=0.12 (from pytest)
  Using cached https://files.pythonhosted.org/packages/06/ee/de89e0582276e3551df3110088bf20844de2b0e7df2748406876cc78e021/pluggy-0.12.0-py2.py3-none-any.whl
Collecting more-itertools>=4.0.0 (from pytest)
  Using cached https://files.pythonhosted.org/packages/1f/9e/942df77ddde2fae3f319f2ab8b5d00d5f6b115496e2eb4bad37d1aaefeea/more_itertools-7.1.0-py3-none-any.whl
Collecting importlib-metadata>=0.12 (from pytest)
  Using cached https://files.pythonhosted.org/packages/bd/23/dce4879ec58acf3959580bfe769926ed8198727250c5e395e6785c764a02/importlib_metadata-0.18-py2.py3-none-any.whl
Collecting atomicwrites>=1.0 (from pytest)
  Using cached https://files.pythonhosted.org/packages/52/90/6155aa926f43f2b2a22b01be7241be3bfd1ceaf7d0b3267213e8127d41f4/atomicwrites-1.3.0-py2.py3-none-any.whl
Collecting six (from packaging->pytest)
  Using cached https://files.pythonhosted.org/packages/73/fb/00a976f728d0d1fecfe898238ce23f502a721c0ac0ecfedb80e0d88c64e9/six-1.12.0-py2.py3-none-any.whl
Collecting pyparsing>=2.0.2 (from packaging->pytest)
  Using cached https://files.pythonhosted.org/packages/dd/d9/3ec19e966301a6e25769976999bd7bbe552016f0d32b577dc9d63d2e0c49/pyparsing-2.4.0-py2.py3-none-any.whl
Collecting zipp>=0.5 (from importlib-metadata>=0.12->pytest)
  Using cached https://files.pythonhosted.org/packages/a0/0f/9bf71d438d2e9d5fd0e4569ea4d1a2b6f5a524c234c6d221b494298bb4d1/zipp-0.5.1-py2.py3-none-any.whl
Installing collected packages: attrs, wcwidth, six, pyparsing, packaging, py, zipp, importlib-metadata, pluggy, more-itertools, atomicwrites, pytest
Successfully installed atomicwrites-1.3.0 attrs-19.1.0 importlib-metadata-0.18 more-itertools-7.1.0 packaging-19.0 pluggy-0.12.0 py-1.8.0 pyparsing-2.4.0 pytest-5.0.0 six-1.12.0 wcwidth-0.1.7 zipp-0.5.1
